<?xml version="1.0" encoding="UTF-8"?>
<!-- Generated by org.testng.reporters.JUnitXMLReporter -->
<testsuite hostname="Raashi" ignored="0" name="Surefire test" tests="5" failures="0" timestamp="25 Aug 2023 04:09:57 GMT" time="83.567" errors="0">
  <testcase name="LoginErrorValidation" time="1.431" classname="FrameworkDesign.SeleniumFrameworkDesign.ErrorValidationsTest"/>
  <testcase name="productErrorValidations" time="9.967" classname="FrameworkDesign.SeleniumFrameworkDesign.ErrorValidationsTest"/>
  <testcase name="submitOrder" time="11.447" classname="FrameworkDesign.SeleniumFrameworkDesign.StandAloneTest"/>
  <testcase name="submitOrder" time="11.533" classname="FrameworkDesign.SeleniumFrameworkDesign.StandAloneTest"/>
  <testcase name="orderHistoryTest" time="1.098" classname="FrameworkDesign.SeleniumFrameworkDesign.StandAloneTest"/>
</testsuite> <!-- Surefire test -->
