<?xml version="1.0" encoding="UTF-8"?>
<!-- Generated by org.testng.reporters.JUnitXMLReporter -->
<testsuite ignored="1" hostname="Raashi" failures="0" tests="1" name="Default test" time="20.836" errors="0" timestamp="2023-08-25T02:18:40 IST">
  <testcase classname="FrameworkDesign.SeleniumFrameworkDesign.ErrorValidationsTest" name="productErrorValidations" time="10.774"/>
  <testcase classname="FrameworkDesign.SeleniumFrameworkDesign.ErrorValidationsTest" name="LoginErrorValidation" time="0.0">
    <ignored/>
  </testcase> <!-- LoginErrorValidation -->
</testsuite> <!-- Default test -->
