<?xml version="1.0" encoding="UTF-8"?>
<!-- Generated by org.testng.reporters.JUnitXMLReporter -->
<testsuite ignored="0" hostname="Raashi" failures="1" tests="3" name="Error Validation Test" time="36.757" errors="0" timestamp="2023-08-25T02:19:26 IST">
  <testcase classname="FrameworkDesign.SeleniumFrameworkDesign.ErrorValidationsTest" name="LoginErrorValidation" time="1.117">
    <skipped/>
  </testcase> <!-- LoginErrorValidation -->
  <testcase classname="FrameworkDesign.SeleniumFrameworkDesign.ErrorValidationsTest" name="LoginErrorValidation" time="1.452">
    <failure type="org.junit.ComparisonFailure" message="expected:&amp;lt;Incorrect email [] password.&amp;gt; but was:&amp;lt;Incorrect email [or] password.&amp;gt;">
      <![CDATA[org.junit.ComparisonFailure: expected:<Incorrect email [] password.> but was:<Incorrect email [or] password.>
at org.junit.Assert.assertEquals(Assert.java:115)
at org.junit.Assert.assertEquals(Assert.java:144)
at FrameworkDesign.SeleniumFrameworkDesign.ErrorValidationsTest.LoginErrorValidation(ErrorValidationsTest.java:25)
at java.base/java.util.ArrayList.forEach(ArrayList.java:1511)
at java.base/java.util.concurrent.FutureTask.run(FutureTask.java:264)
at java.base/java.util.concurrent.ThreadPoolExecutor.runWorker(ThreadPoolExecutor.java:1136)
at java.base/java.util.concurrent.ThreadPoolExecutor$Worker.run(ThreadPoolExecutor.java:635)
at java.base/java.lang.Thread.run(Thread.java:833)
... Removed 17 stack frames]]>
    </failure>
  </testcase> <!-- LoginErrorValidation -->
  <testcase classname="FrameworkDesign.SeleniumFrameworkDesign.ErrorValidationsTest" name="productErrorValidations" time="10.72"/>
</testsuite> <!-- Error Validation Test -->
