<?xml version="1.0" encoding="UTF-8"?>
<!-- Generated by org.testng.reporters.JUnitXMLReporter -->
<testsuite ignored="0" hostname="Raashi" failures="0" tests="3" name="StandAlone Test" time="47.597" errors="0" timestamp="2023-08-25T02:19:36 IST">
  <testcase classname="FrameworkDesign.SeleniumFrameworkDesign.StandAloneTest" name="submitOrder" time="12.531"/>
  <testcase classname="FrameworkDesign.SeleniumFrameworkDesign.StandAloneTest" name="submitOrder" time="11.816"/>
  <testcase classname="FrameworkDesign.SeleniumFrameworkDesign.StandAloneTest" name="orderHistoryTest" time="1.676"/>
</testsuite> <!-- StandAlone Test -->
