<?xml version="1.0" encoding="UTF-8"?>
<!-- Generated by org.testng.reporters.JUnitXMLReporter -->
<testsuite hostname="Raashi" ignored="2" tests="0" failures="0" timestamp="25 Aug 2023 05:10:37 GMT" time="0.004" errors="0">
  <testcase name="productErrorValidations" time="0.0" classname="FrameworkDesign.SeleniumFrameworkDesign.ErrorValidationsTest">
    <ignored/>
  </testcase> <!-- productErrorValidations -->
  <testcase name="LoginErrorValidation" time="0.0" classname="FrameworkDesign.SeleniumFrameworkDesign.ErrorValidationsTest">
    <ignored/>
  </testcase> <!-- LoginErrorValidation -->
</testsuite>
