<?xml version="1.0" encoding="UTF-8"?>
<!-- Generated by org.testng.reporters.JUnitXMLReporter -->
<testsuite hostname="Raashi" ignored="1" name="StandAlone Test" tests="2" failures="0" timestamp="25 Aug 2023 05:11:12 GMT" time="35.309" errors="0">
  <testcase name="submitOrder" time="11.578" classname="FrameworkDesign.SeleniumFrameworkDesign.StandAloneTest"/>
  <testcase name="submitOrder" time="10.984" classname="FrameworkDesign.SeleniumFrameworkDesign.StandAloneTest"/>
  <testcase name="orderHistoryTest" time="0.0" classname="FrameworkDesign.SeleniumFrameworkDesign.StandAloneTest">
    <ignored/>
  </testcase> <!-- orderHistoryTest -->
</testsuite> <!-- StandAlone Test -->
