<?xml version="1.0" encoding="UTF-8"?>
<testng-results skipped="0" failed="0" ignored="3" total="5" passed="2">
  <reporter-output>
  </reporter-output>
  <suite name="Suite" duration-ms="35309" started-at="2023-08-25T05:10:37Z" finished-at="2023-08-25T05:11:12Z">
    <groups>
      <group name="Purchase">
        <method signature="StandAloneTest.submitOrder(java.util.HashMap)[pri:0, instance:FrameworkDesign.SeleniumFrameworkDesign.StandAloneTest@3b2da18f]" name="submitOrder" class="FrameworkDesign.SeleniumFrameworkDesign.StandAloneTest"/>
      </group> <!-- Purchase -->
    </groups>
    <test name="Error Validation Test" duration-ms="4" started-at="2023-08-25T05:10:37Z" finished-at="2023-08-25T05:10:37Z">
    </test> <!-- Error Validation Test -->
    <test name="StandAlone Test" duration-ms="35309" started-at="2023-08-25T05:10:37Z" finished-at="2023-08-25T05:11:12Z">
      <class name="FrameworkDesign.SeleniumFrameworkDesign.StandAloneTest">
        <test-method status="PASS" signature="launchApp()[pri:0, instance:FrameworkDesign.SeleniumFrameworkDesign.StandAloneTest@3b2da18f]" name="launchApp" is-config="true" duration-ms="6951" started-at="2023-08-25T05:10:37Z" finished-at="2023-08-25T05:10:44Z">
          <reporter-output>
          </reporter-output>
        </test-method> <!-- launchApp -->
        <test-method status="PASS" signature="submitOrder(java.util.HashMap)[pri:0, instance:FrameworkDesign.SeleniumFrameworkDesign.StandAloneTest@3b2da18f]" name="submitOrder" duration-ms="11578" started-at="2023-08-25T05:10:44Z" data-provider="getData" finished-at="2023-08-25T05:10:56Z">
          <params>
            <param index="0">
              <value>
                <![CDATA[{password=Test1234, product=ADIDAS ORIGINAL, email=rashmisoundar1@gmail.com}]]>
              </value>
            </param>
          </params>
          <reporter-output>
          </reporter-output>
        </test-method> <!-- submitOrder -->
        <test-method status="PASS" signature="closeBrowser()[pri:0, instance:FrameworkDesign.SeleniumFrameworkDesign.StandAloneTest@3b2da18f]" name="closeBrowser" is-config="true" duration-ms="30" started-at="2023-08-25T05:10:56Z" finished-at="2023-08-25T05:10:56Z">
          <reporter-output>
          </reporter-output>
        </test-method> <!-- closeBrowser -->
        <test-method status="PASS" signature="launchApp()[pri:0, instance:FrameworkDesign.SeleniumFrameworkDesign.StandAloneTest@3b2da18f]" name="launchApp" is-config="true" duration-ms="5540" started-at="2023-08-25T05:10:56Z" finished-at="2023-08-25T05:11:01Z">
          <reporter-output>
          </reporter-output>
        </test-method> <!-- launchApp -->
        <test-method status="PASS" signature="submitOrder(java.util.HashMap)[pri:0, instance:FrameworkDesign.SeleniumFrameworkDesign.StandAloneTest@3b2da18f]" name="submitOrder" duration-ms="10984" started-at="2023-08-25T05:11:01Z" data-provider="getData" finished-at="2023-08-25T05:11:12Z">
          <params>
            <param index="0">
              <value>
                <![CDATA[{password=Test1234, product=ZARA COAT 3, email=rashmisoundar@gmail.com}]]>
              </value>
            </param>
          </params>
          <reporter-output>
          </reporter-output>
        </test-method> <!-- submitOrder -->
        <test-method status="PASS" signature="closeBrowser()[pri:0, instance:FrameworkDesign.SeleniumFrameworkDesign.StandAloneTest@3b2da18f]" name="closeBrowser" is-config="true" duration-ms="27" started-at="2023-08-25T05:11:12Z" finished-at="2023-08-25T05:11:12Z">
          <reporter-output>
          </reporter-output>
        </test-method> <!-- closeBrowser -->
      </class> <!-- FrameworkDesign.SeleniumFrameworkDesign.StandAloneTest -->
    </test> <!-- StandAlone Test -->
  </suite> <!-- Suite -->
</testng-results>
